<?xml version="1.0" encoding="UTF-8"?>
<testsuite name="dev.vox.lss.networking.client.ReviewSummarySentinelTest" tests="2" skipped="0" failures="2" errors="0" timestamp="2026-09-07T02:54:31.943Z" hostname="DESKTOP-K93QJU0" time="0.007">
  <properties/>
  <testcase name="neverCleanMustRevokeAnOlderSummaryProof()" classname="dev.vox.lss.networking.client.ReviewSummarySentinelTest" time="0.004">
    <failure message="org.opentest4j.AssertionFailedError: New doubt must retract old summary proof and make the cached column re-ask ==&gt; expected: &lt;7000&gt; but was: &lt;-9223372036854775808&gt;" type="org.opentest4j.AssertionFailedError">org.opentest4j.AssertionFailedError: New doubt must retract old summary proof and make the cached column re-ask ==&gt; expected: &lt;7000&gt; but was: &lt;-9223372036854775808&gt;
	at org.junit.jupiter.api.AssertionFailureBuilder.build(AssertionFailureBuilder.java:151)
	at org.junit.jupiter.api.AssertionFailureBuilder.buildAndThrow(AssertionFailureBuilder.java:132)
	at org.junit.jupiter.api.AssertEquals.failNotEqual(AssertEquals.java:197)
	at org.junit.jupiter.api.AssertEquals.assertEquals(AssertEquals.java:166)
	at org.junit.jupiter.api.Assertions.assertEquals(Assertions.java:660)
	at knot//dev.vox.lss.networking.client.ReviewSummarySentinelTest.check(ReviewSummarySentinelTest.java:39)
	at knot//dev.vox.lss.networking.client.ReviewSummarySentinelTest.neverCleanMustRevokeAnOlderSummaryProof(ReviewSummarySentinelTest.java:19)
	at java.base/java.lang.reflect.Method.invoke(Method.java:580)
	at java.base/java.util.ArrayList.forEach(ArrayList.java:1596)
	at java.base/java.util.ArrayList.forEach(ArrayList.java:1596)
</failure>
  </testcase>
  <testcase name="noRegionMustRevokeAnOlderSummaryProof()" classname="dev.vox.lss.networking.client.ReviewSummarySentinelTest" time="0.001">
    <failure message="org.opentest4j.AssertionFailedError: New doubt must retract old summary proof and make the cached column re-ask ==&gt; expected: &lt;7000&gt; but was: &lt;-9223372036854775808&gt;" type="org.opentest4j.AssertionFailedError">org.opentest4j.AssertionFailedError: New doubt must retract old summary proof and make the cached column re-ask ==&gt; expected: &lt;7000&gt; but was: &lt;-9223372036854775808&gt;
	at org.junit.jupiter.api.AssertionFailureBuilder.build(AssertionFailureBuilder.java:151)
	at org.junit.jupiter.api.AssertionFailureBuilder.buildAndThrow(AssertionFailureBuilder.java:132)
	at org.junit.jupiter.api.AssertEquals.failNotEqual(AssertEquals.java:197)
	at org.junit.jupiter.api.AssertEquals.assertEquals(AssertEquals.java:166)
	at org.junit.jupiter.api.Assertions.assertEquals(Assertions.java:660)
	at knot//dev.vox.lss.networking.client.ReviewSummarySentinelTest.check(ReviewSummarySentinelTest.java:39)
	at knot//dev.vox.lss.networking.client.ReviewSummarySentinelTest.noRegionMustRevokeAnOlderSummaryProof(ReviewSummarySentinelTest.java:20)
	at java.base/java.lang.reflect.Method.invoke(Method.java:580)
	at java.base/java.util.ArrayList.forEach(ArrayList.java:1596)
	at java.base/java.util.ArrayList.forEach(ArrayList.java:1596)
</failure>
  </testcase>
  <system-out><![CDATA[]]></system-out>
  <system-err><![CDATA[]]></system-err>
</testsuite>
